INFO:root:Skai\u010di\u0173 suma (4, 5, 6, 8) yra lygi 23
INFO:root:Skai\u010di\u0173 suma (4, 5, 6, 8) yra lygi 23
INFO:root:Skai\u010di\u0173 suma (4, 5, 6, 8) yra lygi 23
INFO:root:Skai\u010di\u0173 suma (4, 5, 6, 8) yra lygi 23
INFO:root:Skai\u010di\u0173 suma (4, 5, 6, 8) yra lygi 23
INFO:root:Skai\u010di\u0173 suma (4, 5, 6, 8) yra lygi 23
INFO:root:Skai\u010di\u0173 suma (4, 5, 6, 8) yra lygi 23
INFO:root:Šaknis iš skai\u010diaus lygi: 10.0
INFO:root:Skai\u010di\u0173 suma (4, 5, 6, 8) yra lygi 23
INFO:root:Skai\u010di\u0173 suma (4, 5, 6, 8) yra lygi 23
INFO:root:Skai\u010di\u0173 suma (4, 5, 6, 8) yra lygi 23
INFO:root:Skai\u010di\u0173 suma (4, 5, 6, 8) yra lygi 23
INFO:root:Saknis is skaiciaus lygi: 10.0
INFO:root:Skai\u010di\u0173 suma (4, 5, 6, 8) yra lygi 23
INFO:root:Saknis is skaiciaus lygi: 10.0
INFO:root:sakinio simboliu skaicius: 19
INFO:root:Skai\u010di\u0173 suma (4, 5, 6, 8) yra lygi 23
INFO:root:Saknis is skaiciaus lygi: 10.0
INFO:root:sakinio simboliu skaicius: 19
INFO:root:Padalinam: 6/2 = 3.0
INFO:root:Skai\u010di\u0173 suma (4, 5, 6, 8) yra lygi 23
INFO:root:Skai\u010di\u0173 suma (4, 5, 6, 8) yra lygi 23
INFO:root:Saknis is skaiciaus lygi: 10.0
INFO:root:sakinio simboliu skaicius: 19
INFO:root:Padalinam: 6/2 = 3.0
INFO:root:Skai\u010di\u0173 suma (4, 5, 6, 8) yra lygi 23
2023-05-23 14:34:43,936-INFO-Skai\u010di\u0173 suma (4, 5, 6, 8) yra lygi 23
2023-05-23 14:34:43,937-INFO-Saknis is skaiciaus lygi: 10.0
2023-05-23 14:34:43,937-INFO-sakinio simboliu skaicius: 19
2023-05-23 14:34:43,937-INFO-Padalinam: 6/2 = 3.0
